[05:21:08] [ServerMain/INFO]: [bootstrap] Running Java 21 (OpenJDK 64-Bit Server VM 21.0.5+11-Ubuntu-1ubuntu120.04; Ubuntu null) on Linux 6.5.0-1025-azure (amd64)
[05:21:08] [ServerMain/INFO]: [bootstrap] Loading Paper 1.21-130-master@b1b5d4c (2024-08-10T10:02:42Z) for Minecraft 1.21
[05:21:09] [ServerMain/INFO]: [PluginInitializerManager] Initializing plugins...
[05:21:13] [ServerMain/INFO]: [PluginInitializerManager] Initialized 6 plugins
[05:21:13] [ServerMain/INFO]: [PluginInitializerManager] Bukkit plugins (6):
 - AuthMe (5.7.0-SNAPSHOT-b2642), BetterTeams (4.10.0), Essentials (2.21.0-dev+154-667b0f7), Orebfuscator (5.5.2), ProtocolLib (5.3.0), SkinsRestorer (15.5.1)
[05:21:22] [ServerMain/INFO]: Environment: Environment[sessionHost=https://sessionserver.mojang.com, servicesHost=https://api.minecraftservices.com, name=PROD]
[05:21:26] [ServerMain/INFO]: Loaded 1290 recipes
[05:21:27] [ServerMain/INFO]: Loaded 1399 advancements
[05:21:28] [Server thread/INFO]: Starting minecraft server version 1.21
[05:21:28] [Server thread/INFO]: Loading properties
[05:21:28] [Server thread/INFO]: This server is running Paper version 1.21-130-master@b1b5d4c (2024-08-10T10:02:42Z) (Implementing API version 1.21-R0.1-SNAPSHOT)
[05:21:30] [Server thread/INFO]: [spark] This server bundles the spark profiler. For more information please visit https://docs.papermc.io/paper/profiling
[05:21:30] [Server thread/INFO]: Using 4 threads for Netty based IO
[05:21:30] [Server thread/INFO]: Server Ping Player Sample Count: 12
[05:21:32] [Server thread/INFO]: [ChunkTaskScheduler] Chunk system is using 1 I/O threads, 1 worker threads, and population gen parallelism of 1 threads
[05:21:33] [Server thread/INFO]: Default game type: SURVIVAL
[05:21:33] [Server thread/INFO]: Generating keypair
[05:21:33] [Server thread/INFO]: Starting Minecraft server on *:25565
[05:21:33] [Server thread/INFO]: Using epoll channel type
[05:21:33] [Server thread/INFO]: Paper: Using libdeflate (Linux x86_64) compression from Velocity.
[05:21:33] [Server thread/INFO]: Paper: Using OpenSSL 1.1.x (Linux x86_64) cipher from Velocity.
[05:21:36] [Server thread/INFO]: [SpigotLibraryLoader] [AuthMe] Loading 17 libraries... please wait
[05:21:38] [Server thread/INFO]: [SpigotLibraryLoader] [AuthMe] Loaded library /workspaces/FPSFullGay/servidor_minecraft/libraries/ch/jalu/injector/1.0/injector-1.0.jar
[05:21:38] [Server thread/INFO]: [SpigotLibraryLoader] [AuthMe] Loaded library /workspaces/FPSFullGay/servidor_minecraft/libraries/javax/inject/javax.inject/1/javax.inject-1.jar
[05:21:38] [Server thread/INFO]: [SpigotLibraryLoader] [AuthMe] Loaded library /workspaces/FPSFullGay/servidor_minecraft/libraries/javax/annotation/javax.annotation-api/1.3.1/javax.annotation-api-1.3.1.jar
[05:21:38] [Server thread/INFO]: [SpigotLibraryLoader] [AuthMe] Loaded library /workspaces/FPSFullGay/servidor_minecraft/libraries/net/ricecode/string-similarity/1.0.0/string-similarity-1.0.0.jar
[05:21:38] [Server thread/INFO]: [SpigotLibraryLoader] [AuthMe] Loaded library /workspaces/FPSFullGay/servidor_minecraft/libraries/com/maxmind/geoip2/geoip2/4.2.0/geoip2-4.2.0.jar
[05:21:38] [Server thread/INFO]: [SpigotLibraryLoader] [AuthMe] Loaded library /workspaces/FPSFullGay/servidor_minecraft/libraries/com/maxmind/db/maxmind-db/3.1.0/maxmind-db-3.1.0.jar
[05:21:38] [Server thread/INFO]: [SpigotLibraryLoader] [AuthMe] Loaded library /workspaces/FPSFullGay/servidor_minecraft/libraries/com/fasterxml/jackson/core/jackson-databind/2.16.0/jackson-databind-2.16.0.jar
[05:21:38] [Server thread/INFO]: [SpigotLibraryLoader] [AuthMe] Loaded library /workspaces/FPSFullGay/servidor_minecraft/libraries/com/fasterxml/jackson/core/jackson-core/2.16.0/jackson-core-2.16.0.jar
[05:21:38] [Server thread/INFO]: [SpigotLibraryLoader] [AuthMe] Loaded library /workspaces/FPSFullGay/servidor_minecraft/libraries/com/fasterxml/jackson/core/jackson-annotations/2.16.0/jackson-annotations-2.16.0.jar
[05:21:38] [Server thread/INFO]: [SpigotLibraryLoader] [AuthMe] Loaded library /workspaces/FPSFullGay/servidor_minecraft/libraries/javatar/javatar/2.5/javatar-2.5.jar
[05:21:38] [Server thread/INFO]: [SpigotLibraryLoader] [AuthMe] Loaded library /workspaces/FPSFullGay/servidor_minecraft/libraries/org/apache/commons/commons-email/1.6.0/commons-email-1.6.0.jar
[05:21:38] [Server thread/INFO]: [SpigotLibraryLoader] [AuthMe] Loaded library /workspaces/FPSFullGay/servidor_minecraft/libraries/com/sun/mail/jakarta.mail/1.6.7/jakarta.mail-1.6.7.jar
[05:21:38] [Server thread/INFO]: [SpigotLibraryLoader] [AuthMe] Loaded library /workspaces/FPSFullGay/servidor_minecraft/libraries/com/sun/activation/jakarta.activation/1.2.1/jakarta.activation-1.2.1.jar
[05:21:38] [Server thread/INFO]: [SpigotLibraryLoader] [AuthMe] Loaded library /workspaces/FPSFullGay/servidor_minecraft/libraries/com/zaxxer/HikariCP/5.1.0/HikariCP-5.1.0.jar
[05:21:38] [Server thread/INFO]: [SpigotLibraryLoader] [AuthMe] Loaded library /workspaces/FPSFullGay/servidor_minecraft/libraries/org/slf4j/slf4j-api/1.7.36/slf4j-api-1.7.36.jar
[05:21:38] [Server thread/INFO]: [SpigotLibraryLoader] [AuthMe] Loaded library /workspaces/FPSFullGay/servidor_minecraft/libraries/org/slf4j/slf4j-simple/2.0.13/slf4j-simple-2.0.13.jar
[05:21:38] [Server thread/INFO]: [SpigotLibraryLoader] [AuthMe] Loaded library /workspaces/FPSFullGay/servidor_minecraft/libraries/ch/jalu/datasourcecolumns/0.1.2/datasourcecolumns-0.1.2.jar
[05:21:38] [Server thread/INFO]: [SpigotLibraryLoader] [AuthMe] Loaded library /workspaces/FPSFullGay/servidor_minecraft/libraries/com/mysql/mysql-connector-j/8.4.0/mysql-connector-j-8.4.0.jar
[05:21:38] [Server thread/INFO]: [SpigotLibraryLoader] [AuthMe] Loaded library /workspaces/FPSFullGay/servidor_minecraft/libraries/com/google/protobuf/protobuf-java/3.25.1/protobuf-java-3.25.1.jar
[05:21:38] [Server thread/INFO]: [SpigotLibraryLoader] [AuthMe] Loaded library /workspaces/FPSFullGay/servidor_minecraft/libraries/org/mariadb/jdbc/mariadb-java-client/3.4.0/mariadb-java-client-3.4.0.jar
[05:21:38] [Server thread/INFO]: [SpigotLibraryLoader] [AuthMe] Loaded library /workspaces/FPSFullGay/servidor_minecraft/libraries/com/github/waffle/waffle-jna/3.3.0/waffle-jna-3.3.0.jar
[05:21:38] [Server thread/INFO]: [SpigotLibraryLoader] [AuthMe] Loaded library /workspaces/FPSFullGay/servidor_minecraft/libraries/net/java/dev/jna/jna-platform/5.13.0/jna-platform-5.13.0.jar
[05:21:38] [Server thread/INFO]: [SpigotLibraryLoader] [AuthMe] Loaded library /workspaces/FPSFullGay/servidor_minecraft/libraries/org/slf4j/jcl-over-slf4j/2.0.7/jcl-over-slf4j-2.0.7.jar
[05:21:38] [Server thread/INFO]: [SpigotLibraryLoader] [AuthMe] Loaded library /workspaces/FPSFullGay/servidor_minecraft/libraries/com/github/ben-manes/caffeine/caffeine/2.9.3/caffeine-2.9.3.jar
[05:21:38] [Server thread/INFO]: [SpigotLibraryLoader] [AuthMe] Loaded library /workspaces/FPSFullGay/servidor_minecraft/libraries/com/google/errorprone/error_prone_annotations/2.10.0/error_prone_annotations-2.10.0.jar
[05:21:38] [Server thread/INFO]: [SpigotLibraryLoader] [AuthMe] Loaded library /workspaces/FPSFullGay/servidor_minecraft/libraries/org/postgresql/postgresql/42.7.3/postgresql-42.7.3.jar
[05:21:38] [Server thread/INFO]: [SpigotLibraryLoader] [AuthMe] Loaded library /workspaces/FPSFullGay/servidor_minecraft/libraries/org/checkerframework/checker-qual/3.42.0/checker-qual-3.42.0.jar
[05:21:38] [Server thread/INFO]: [SpigotLibraryLoader] [AuthMe] Loaded library /workspaces/FPSFullGay/servidor_minecraft/libraries/de/rtner/PBKDF2/1.1.4/PBKDF2-1.1.4.jar
[05:21:38] [Server thread/INFO]: [SpigotLibraryLoader] [AuthMe] Loaded library /workspaces/FPSFullGay/servidor_minecraft/libraries/org/picketbox/picketbox/4.0.21.Final/picketbox-4.0.21.Final.jar
[05:21:38] [Server thread/INFO]: [SpigotLibraryLoader] [AuthMe] Loaded library /workspaces/FPSFullGay/servidor_minecraft/libraries/de/mkammerer/argon2-jvm-nolibs/2.11/argon2-jvm-nolibs-2.11.jar
[05:21:38] [Server thread/INFO]: [SpigotLibraryLoader] [AuthMe] Loaded library /workspaces/FPSFullGay/servidor_minecraft/libraries/net/java/dev/jna/jna/5.8.0/jna-5.8.0.jar
[05:21:38] [Server thread/INFO]: [SpigotLibraryLoader] [AuthMe] Loaded library /workspaces/FPSFullGay/servidor_minecraft/libraries/at/favre/lib/bcrypt/0.10.2/bcrypt-0.10.2.jar
[05:21:38] [Server thread/INFO]: [SpigotLibraryLoader] [AuthMe] Loaded library /workspaces/FPSFullGay/servidor_minecraft/libraries/at/favre/lib/bytes/1.5.0/bytes-1.5.0.jar
[05:21:38] [Server thread/INFO]: [SpigotLibraryLoader] [AuthMe] Loaded library /workspaces/FPSFullGay/servidor_minecraft/libraries/com/warrenstrange/googleauth/1.5.0/googleauth-1.5.0.jar
[05:21:38] [Server thread/INFO]: [SpigotLibraryLoader] [AuthMe] Loaded library /workspaces/FPSFullGay/servidor_minecraft/libraries/commons-codec/commons-codec/1.14/commons-codec-1.14.jar
[05:21:38] [Server thread/INFO]: [SpigotLibraryLoader] [AuthMe] Loaded library /workspaces/FPSFullGay/servidor_minecraft/libraries/org/apache/httpcomponents/httpclient/4.5.12/httpclient-4.5.12.jar
[05:21:38] [Server thread/INFO]: [SpigotLibraryLoader] [AuthMe] Loaded library /workspaces/FPSFullGay/servidor_minecraft/libraries/org/apache/httpcomponents/httpcore/4.4.13/httpcore-4.4.13.jar
[05:21:38] [Server thread/INFO]: [SpigotLibraryLoader] [AuthMe] Loaded library /workspaces/FPSFullGay/servidor_minecraft/libraries/commons-logging/commons-logging/1.2/commons-logging-1.2.jar
[05:21:38] [Server thread/INFO]: [SpigotLibraryLoader] [AuthMe] Loaded library /workspaces/FPSFullGay/servidor_minecraft/libraries/ch/jalu/configme/1.3.1/configme-1.3.1.jar
[05:21:38] [Server thread/INFO]: [SpigotLibraryLoader] [AuthMe] Loaded library /workspaces/FPSFullGay/servidor_minecraft/libraries/org/yaml/snakeyaml/2.0/snakeyaml-2.0.jar
[05:21:38] [Server thread/INFO]: [SpigotLibraryLoader] [AuthMe] Loaded library /workspaces/FPSFullGay/servidor_minecraft/libraries/org/bstats/bstats-bukkit/3.0.2/bstats-bukkit-3.0.2.jar
[05:21:38] [Server thread/INFO]: [SpigotLibraryLoader] [AuthMe] Loaded library /workspaces/FPSFullGay/servidor_minecraft/libraries/org/bstats/bstats-base/3.0.2/bstats-base-3.0.2.jar
[05:21:38] [Server thread/INFO]: [ProtocolLib] Loading server plugin ProtocolLib v5.3.0
[05:21:40] [Server thread/INFO]: [Essentials] Loading server plugin Essentials v2.21.0-dev+154-667b0f7
[05:21:40] [Server thread/INFO]: [SkinsRestorer] Loading server plugin SkinsRestorer v15.5.1
[05:21:40] [Server thread/INFO]: [BetterTeams] Loading server plugin BetterTeams v4.10.0
[05:21:40] [Server thread/INFO]: [BetterTeams] Checking if the file config.yml is up to date
[05:21:40] [Server thread/INFO]: [BetterTeams] File is up to date
[05:21:40] [Server thread/INFO]: [AuthMe] Loading server plugin AuthMe v5.7.0-SNAPSHOT-b2642
[05:21:40] [Server thread/INFO]: [Orebfuscator] Loading server plugin Orebfuscator v5.5.2
[05:21:40] [Server thread/INFO]: Server permissions file permissions.yml is empty, ignoring it
[05:21:40] [Server thread/INFO]: [ProtocolLib] Enabling ProtocolLib v5.3.0
[05:21:40] [Server thread/INFO]: [SkinsRestorer] Enabling SkinsRestorer v15.5.1
[05:21:42] [Server thread/WARN]: [SkinsRestorer] You must agree to the rules at 'commands.perSkinPermissionsConsent' in the config to use per skin permissions.
[05:21:44] [Server thread/INFO]: [SkinsRestorer] Running on Minecraft 1.21.0.
[05:21:46] [Server thread/INFO]: [SkinsRestorer] Using paper join listener!
[05:21:47] [Server thread/WARN]: **** SERVER IS RUNNING IN OFFLINE/INSECURE MODE!
[05:21:47] [Server thread/WARN]: The server will make no attempt to authenticate usernames. Beware.
[05:21:47] [Server thread/WARN]: While this makes the game possible to play without internet access, it also opens up the ability for hackers to connect with any username they choose.
[05:21:47] [Server thread/WARN]: To change this, set "online-mode" to "true" in the server.properties file.
[05:21:47] [Server thread/INFO]: Preparing level "world"
[05:21:47] [Folia Async Scheduler Thread #1/INFO]: [SkinsRestorer] ----------------------------------------------
[05:21:47] [Folia Async Scheduler Thread #1/INFO]: [SkinsRestorer]     +==================+
[05:21:47] [Folia Async Scheduler Thread #1/INFO]: [SkinsRestorer]     |   SkinsRestorer  |
[05:21:47] [Folia Async Scheduler Thread #1/INFO]: [SkinsRestorer]     |------------------|
[05:21:47] [Folia Async Scheduler Thread #1/INFO]: [SkinsRestorer]     |  Standalone Mode |
[05:21:47] [Folia Async Scheduler Thread #1/INFO]: [SkinsRestorer]     +==================+
[05:21:47] [Folia Async Scheduler Thread #1/INFO]: [SkinsRestorer] ----------------------------------------------
[05:21:47] [Folia Async Scheduler Thread #1/INFO]: [SkinsRestorer]     Version: 15.5.1
[05:21:47] [Folia Async Scheduler Thread #1/INFO]: [SkinsRestorer]     Commit: d5d8613
[05:21:47] [Folia Async Scheduler Thread #1/INFO]: [SkinsRestorer]     This is the latest version!
[05:21:47] [Folia Async Scheduler Thread #1/INFO]: [SkinsRestorer] ----------------------------------------------
[05:21:47] [Folia Async Scheduler Thread #1/INFO]: [SkinsRestorer] Do you have issues? Read our troubleshooting guide: https://skinsrestorer.net/docs/troubleshooting
[05:21:47] [Folia Async Scheduler Thread #1/INFO]: [SkinsRestorer] Want to support SkinsRestorer? Consider donating: https://skinsrestorer.net/donate
[05:21:48] [Server thread/INFO]: Preparing start region for dimension minecraft:overworld
[05:21:52] [Server thread/INFO]: Time elapsed: 3844 ms
[05:21:52] [Server thread/INFO]: Preparing start region for dimension minecraft:the_nether
[05:21:54] [Server thread/INFO]: Time elapsed: 2601 ms
[05:21:54] [Server thread/INFO]: Preparing start region for dimension minecraft:the_end
[05:21:55] [Server thread/INFO]: Time elapsed: 562 ms
[05:21:55] [Server thread/INFO]: [Essentials] Enabling Essentials v2.21.0-dev+154-667b0f7
[05:21:58] [Server thread/ERROR]: [Essentials] You are running an unsupported server version!
[05:21:59] [Server thread/INFO]: [Essentials] Attempting to convert old kits in config.yml to new kits.yml
[05:21:59] [Server thread/INFO]: [Essentials] No kits found to migrate.
[05:22:00] [Server thread/INFO]: [Essentials] Selected Paper Serialization Provider as the provider for SerializationProvider
[05:22:00] [Server thread/INFO]: [Essentials] Selected 1.20.6+ Potion Meta Provider as the provider for PotionMetaProvider
[05:22:00] [Server thread/INFO]: [Essentials] Selected Reflection Spawner Block Provider as the provider for SpawnerBlockProvider
[05:22:00] [Server thread/INFO]: [Essentials] Selected Paper Material Tag Provider as the provider for MaterialTagProvider
[05:22:00] [Server thread/INFO]: [Essentials] Selected 1.13+ Spawn Egg Provider as the provider for SpawnEggProvider
[05:22:00] [Server thread/INFO]: [Essentials] Selected 1.21+ InventoryView Interface ABI Provider as the provider for InventoryViewProvider
[05:22:00] [Server thread/INFO]: [Essentials] Selected 1.14+ Sign Data Provider as the provider for SignDataProvider
[05:22:00] [Server thread/INFO]: [Essentials] Selected 1.20.4+ Damage Event Provider as the provider for DamageEventProvider
[05:22:00] [Server thread/INFO]: [Essentials] Selected Reflection Online Mode Provider as the provider for OnlineModeProvider
[05:22:00] [Server thread/INFO]: [Essentials] Selected 1.11+ Item Unbreakable Provider as the provider for ItemUnbreakableProvider
[05:22:00] [Server thread/INFO]: [Essentials] Selected Reflection Sync Commands Provider as the provider for SyncCommandsProvider
[05:22:00] [Server thread/INFO]: [Essentials] Selected 1.20.5+ Banner Data Provider as the provider for BannerDataProvider
[05:22:00] [Server thread/INFO]: [Essentials] Selected Paper Known Commands Provider as the provider for KnownCommandsProvider
[05:22:00] [Server thread/INFO]: [Essentials] Selected 1.17.1+ World Info Provider as the provider for WorldInfoProvider
[05:22:00] [Server thread/INFO]: [Essentials] Selected Paper Container Provider as the provider for ContainerProvider
[05:22:00] [Server thread/INFO]: [Essentials] Selected Paper Server State Provider as the provider for ServerStateProvider
[05:22:00] [Server thread/INFO]: [Essentials] Selected Reflection Formatted Command Alias Provider as the provider for FormattedCommandAliasProvider
[05:22:00] [Server thread/INFO]: [Essentials] Selected 1.8.3+ Spawner Item Provider as the provider for SpawnerItemProvider
[05:22:00] [Server thread/INFO]: [Essentials] Selected 1.12.2+ Player Locale Provider as the provider for PlayerLocaleProvider
[05:22:00] [Server thread/INFO]: [Essentials] Selected 1.14.4+ Persistent Data Container Provider as the provider for PersistentDataProvider
[05:22:00] [Server thread/INFO]: [Essentials] Selected Paper Biome Key Provider as the provider for BiomeKeyProvider
[05:22:01] [Server thread/INFO]: [Essentials] Loaded 43465 items from items.json.
[05:22:01] [Server thread/INFO]: [Essentials] Using locale en
[05:22:01] [Server thread/INFO]: [Essentials] ServerListPingEvent: Spigot iterator API
[05:22:02] [Server thread/INFO]: [Essentials] Starting Metrics. Opt-out using the global bStats config.
[05:22:02] [Server thread/INFO]: [Essentials] Using superperms-based permissions.
[05:22:02] [Server thread/INFO]: [BetterTeams] Enabling BetterTeams v4.10.0
[05:22:03] [Server thread/INFO]: [BetterTeams] Checking if the file messages.yml is up to date
[05:22:03] [Server thread/INFO]: [BetterTeams] File is up to date
[05:22:04] [Server thread/INFO]: Display team name config value: prefix
[05:22:04] [Server thread/INFO]: Loading below name. Type: PREFIX
[05:22:04] [Server thread/INFO]: teamManagement declared: com.booksaw.betterTeams.events.MCTeamManagement@4facff21
[05:22:04] [Server thread/INFO]: [AuthMe] Enabling AuthMe v5.7.0-SNAPSHOT-b2642
[05:22:06] [Server thread/INFO]: [AuthMe] SQLite Setup finished
[05:22:07] [Server thread/INFO]: [AuthMe] No supported permissions system found! Permissions are disabled!
[05:22:07] [Server thread/INFO]: [AuthMe] Hooked successfully into Essentials
[05:22:07] [Server thread/INFO]: [AuthMe] Essentials spawn file not found: '/workspaces/FPSFullGay/servidor_minecraft/plugins/Essentials/spawn.yml'
[05:22:09] [Server thread/INFO]: [AuthMe] AuthMe 5.7.0-SNAPSHOT build n.2642 successfully enabled!
[05:22:09] [Server thread/INFO]: [Orebfuscator] Enabling Orebfuscator v5.5.2
[05:22:14] [Server thread/INFO]: [spark] Starting background profiler...
[05:22:17] [Server thread/INFO]: Done preparing level "world" (29.895s)
[05:22:17] [Server thread/INFO]: Running delayed init tasks
[05:22:17] [Craft Scheduler Thread - 5 - AuthMe/INFO]: [AuthMe] Downloading GEO IP database, because the old database is older than 30 days or doesn't exist
[05:22:17] [Craft Scheduler Thread - 5 - AuthMe/WARN]: [AuthMe] No MaxMind credentials found in the configuration file! GeoIp protections will be disabled.
[05:22:17] [Craft Scheduler Thread - 5 - AuthMe/INFO]: [AuthMe] There is no newer GEO IP database uploaded to MaxMind. Using the old one for now.
[05:22:17] [Craft Scheduler Thread - 5 - AuthMe/WARN]: [AuthMe] Could not download GeoLiteAPI database [FileNotFoundException]: plugins/AuthMe/GeoLite2-Country.mmdb (No such file or directory)
[05:22:17] [Craft Scheduler Thread - 4 - Essentials/INFO]: [Essentials] Fetching version information...
[05:22:17] [Server thread/INFO]: Done (72.801s)! For help, type "help"
[05:22:17] [Server thread/INFO]: Timings Reset
[05:22:29] [User Authenticator #0/INFO]: UUID of player Toppo_Z is b05eba41-1809-3193-83d8-06393137f486
[05:22:34] [User Authenticator #0/INFO]: UUID of player Zeta is be28fd3d-fb50-364f-bc7e-3fff7e84e6f8
[05:22:34] [Server thread/INFO]: Toppo_Z joined the game
[05:22:35] [Server thread/INFO]: Toppo_Z[/127.102.84.29:48767] logged in with entity id 46 at ([world]-363.0995488384143, 101.0, 889.2044721529011)
[05:22:37] [Server thread/WARN]: Can't keep up! Is the server overloaded? Running 3057ms or 61 ticks behind
[05:22:41] [Server thread/INFO]: Zeta joined the game
[05:22:41] [Server thread/INFO]: Zeta[/127.115.136.31:38883] logged in with entity id 48 at ([world]-2675.699999988079, 63.0, -1776.5167284201964)
[05:22:49] [User Authenticator #0/INFO]: UUID of player nachoto227 is c436878c-0061-3ffb-8e60-7f9e3d49a017
[05:22:49] [Craft Scheduler Thread - 4 - AuthMe/INFO]: [AuthMe] Toppo_Z logged in 127.102.84.29
[05:22:51] [Server thread/INFO]: nachoto227 joined the game
[05:22:51] [Server thread/INFO]: nachoto227[/127.203.4.180:58103] logged in with entity id 359 at ([world]1210.237500011921, 67.0, -2700.7199175453734)
[05:22:52] [Craft Scheduler Thread - 6 - AuthMe/INFO]: [AuthMe] The user Zeta has 2 accounts:
[05:22:52] [Craft Scheduler Thread - 6 - AuthMe/INFO]: [AuthMe] §7zxta, §aZeta§7.
[05:22:52] [Craft Scheduler Thread - 6 - AuthMe/INFO]: [AuthMe] Zeta logged in 127.115.136.31
[05:22:57] [User Authenticator #0/INFO]: UUID of player UnPibee is 03502d61-75c0-3984-8dec-353fa3007fdf
[05:22:59] [Server thread/INFO]: UnPibee joined the game
[05:22:59] [Server thread/INFO]: UnPibee[/127.206.165.81:56937] logged in with entity id 507 at ([world]-345.2694013960186, 74.0, 793.4908376803817)
[05:23:05] [Craft Scheduler Thread - 5 - AuthMe/INFO]: [AuthMe] nachoto227 logged in 127.203.4.180
[05:23:11] [Server thread/WARN]: Can't keep up! Is the server overloaded? Running 19342ms or 386 ticks behind
[05:23:13] [User Authenticator #0/INFO]: UUID of player benja0806 is 2bc131e5-b440-3fd2-b2fb-2c45cc6aaa3b
[05:23:15] [Server thread/INFO]: benja0806 joined the game
[05:23:15] [Server thread/INFO]: benja0806[/127.174.62.101:46791] logged in with entity id 704 at ([world]1225.3680163746033, 69.0, -2713.1956614481123)
[05:23:16] [Craft Scheduler Thread - 6 - AuthMe/INFO]: [AuthMe] UnPibee logged in 127.206.165.81
[05:23:19] [Server thread/INFO]: Zeta lost connection: Disconnected
[05:23:19] [Server thread/INFO]: Peronistas Zeta left the game
[05:23:20] [Craft Scheduler Thread - 5 - AuthMe/INFO]: [AuthMe] benja0806 logged in 127.174.62.101
[05:23:25] [Server thread/INFO]: nachoto227 issued server command: /team chat entra al ds
[05:23:25] [Craft Scheduler Thread - 5 - BetterTeams/INFO]: [BetterTeams]§b[Team]§f nachoto227§f: entra al ds 
[05:23:31] [User Authenticator #0/INFO]: UUID of player Zeta is be28fd3d-fb50-364f-bc7e-3fff7e84e6f8
[05:23:32] [Server thread/INFO]: Zeta joined the game
[05:23:32] [Server thread/INFO]: Zeta[/127.115.136.31:42401] logged in with entity id 752 at ([world]-2676.464433219495, 63.0, -1776.5807928840695)
[05:23:34] [Server thread/INFO]: benja0806 issued server command: /team ya estoy yo
[05:23:40] [Craft Scheduler Thread - 4 - AuthMe/INFO]: [AuthMe] The user Zeta has 2 accounts:
[05:23:40] [Craft Scheduler Thread - 4 - AuthMe/INFO]: [AuthMe] §7zxta, §aZeta§7.
[05:23:40] [Craft Scheduler Thread - 4 - AuthMe/INFO]: [AuthMe] Zeta logged in 127.115.136.31
[05:23:41] [Server thread/INFO]: benja0806 issued server command: /team chat ya estoy
[05:23:42] [Craft Scheduler Thread - 4 - BetterTeams/INFO]: [BetterTeams]§b[Team]§f benja0806§f: ya estoy 
[05:24:27] [Server thread/INFO]: Zeta lost connection: Timed out
[05:24:27] [Server thread/INFO]: Peronistas Zeta left the game
[05:24:43] [User Authenticator #1/INFO]: UUID of player Zeta is be28fd3d-fb50-364f-bc7e-3fff7e84e6f8
[05:24:45] [Server thread/INFO]: Zeta joined the game
[05:24:45] [Server thread/INFO]: Zeta[/127.115.136.31:38947] logged in with entity id 1355 at ([world]-2675.7722119913315, 63.0, -1777.4583909514567)
[05:24:57] [Craft Scheduler Thread - 12 - AuthMe/INFO]: [AuthMe] The user Zeta has 2 accounts:
[05:24:57] [Craft Scheduler Thread - 12 - AuthMe/INFO]: [AuthMe] §7zxta, §aZeta§7.
[05:24:57] [Craft Scheduler Thread - 12 - AuthMe/INFO]: [AuthMe] Zeta logged in 127.115.136.31
[05:25:33] [Server thread/INFO]: nachoto227 issued server command: /team chat -9800 -70
[05:25:33] [Craft Scheduler Thread - 13 - BetterTeams/INFO]: [BetterTeams]§b[Team]§f nachoto227§f: -9800 -70 
[05:25:59] [Server thread/INFO]: Toppo_Z issued server command: /team echest
[05:26:07] [Server thread/INFO]: Zeta lost connection: Disconnected
[05:26:07] [Server thread/INFO]: Peronistas Zeta left the game
[05:26:13] [Server thread/INFO]: UnPibee issued server command: /team echest
[05:26:14] [User Authenticator #2/INFO]: UUID of player Zeta is be28fd3d-fb50-364f-bc7e-3fff7e84e6f8
[05:26:16] [Server thread/INFO]: Zeta joined the game
[05:26:16] [Server thread/INFO]: Zeta[/127.115.136.31:52695] logged in with entity id 2051 at ([world]-2675.7722119913315, 63.0, -1777.4583909514567)
[05:26:23] [Server thread/INFO]: nachoto227 issued server command: /team echest
[05:27:13] [Craft Scheduler Thread - 18 - AuthMe/INFO]: [AuthMe] The user Zeta has 2 accounts:
[05:27:13] [Craft Scheduler Thread - 18 - AuthMe/INFO]: [AuthMe] §7zxta, §aZeta§7.
[05:27:13] [Craft Scheduler Thread - 18 - AuthMe/INFO]: [AuthMe] Zeta logged in 127.115.136.31
[05:27:45] [Server thread/INFO]: UnPibee issued server command: /team echest
[05:28:05] [Server thread/INFO]: Zeta lost connection: Timed out
[05:28:05] [Server thread/INFO]: Peronistas Zeta left the game
[05:28:17] [User Authenticator #3/INFO]: UUID of player Zeta is be28fd3d-fb50-364f-bc7e-3fff7e84e6f8
[05:28:19] [Server thread/INFO]: Zeta joined the game
[05:28:19] [Server thread/INFO]: Zeta[/127.115.136.31:46475] logged in with entity id 2953 at ([world]-2675.7722119913315, 63.0, -1777.4583909514567)
[05:28:20] [User Authenticator #3/INFO]: UUID of player benja0806 is 2bc131e5-b440-3fd2-b2fb-2c45cc6aaa3b
[05:28:20] [Server thread/INFO]: Disconnecting benja0806 (/127.174.62.101:42225): The same username is already playing on the server!
[05:28:20] [Server thread/INFO]: benja0806 (/127.174.62.101:42225) lost connection: The same username is already playing on the server!
[05:28:24] [Server thread/INFO]: benja0806 lost connection: Timed out
[05:28:24] [Server thread/INFO]: LaMercedez benja0806 left the game
[05:28:24] [User Authenticator #3/INFO]: UUID of player benja0806 is 2bc131e5-b440-3fd2-b2fb-2c45cc6aaa3b
[05:28:25] [Server thread/INFO]: LaMercedez benja0806 joined the game
[05:28:25] [Server thread/INFO]: benja0806[/127.174.62.101:34495] logged in with entity id 3166 at ([world]1250.6620741044908, 67.0, -2741.206294421937)
[05:28:29] [Craft Scheduler Thread - 20 - AuthMe/INFO]: [AuthMe] benja0806 logged in 127.174.62.101
[05:28:53] [Craft Scheduler Thread - 20 - AuthMe/INFO]: [AuthMe] The user Zeta has 2 accounts:
[05:28:53] [Craft Scheduler Thread - 20 - AuthMe/INFO]: [AuthMe] §7zxta, §aZeta§7.
[05:28:53] [Craft Scheduler Thread - 20 - AuthMe/INFO]: [AuthMe] Zeta logged in 127.115.136.31
[05:31:04] [Server thread/INFO]: Zeta lost connection: Disconnected
[05:31:05] [Server thread/INFO]: Peronistas Zeta left the game
[05:32:52] [Server thread/INFO]: UnPibee issued server command: /team echest
[05:33:35] [User Authenticator #4/INFO]: UUID of player Zeta is be28fd3d-fb50-364f-bc7e-3fff7e84e6f8
[05:33:37] [Server thread/INFO]: Zeta joined the game
[05:33:37] [Server thread/INFO]: Zeta[/127.115.136.31:43805] logged in with entity id 5233 at ([world]-2675.7722119913315, 63.0, -1777.4583909514567)
[05:34:26] [Server thread/INFO]: LaMercedez benja0806 has made the advancement [Enchanter]
[05:34:49] [Craft Scheduler Thread - 34 - AuthMe/INFO]: [AuthMe] The user Zeta has 2 accounts:
[05:34:49] [Craft Scheduler Thread - 34 - AuthMe/INFO]: [AuthMe] §7zxta, §aZeta§7.
[05:34:49] [Craft Scheduler Thread - 34 - AuthMe/INFO]: [AuthMe] Zeta logged in 127.115.136.31
[05:36:00] [Server thread/INFO]: Libertarios Toppo_Z has made the advancement [What a Deal!]
[05:36:07] [Async Chat Thread - #0/INFO]: [Not Secure] [LaMercedez] <benja0806> lz
[05:36:07] [Async Chat Thread - #0/INFO]: [Not Secure] [LaMercedez] <benja0806> z
[05:36:07] [Async Chat Thread - #0/INFO]: [Not Secure] [LaMercedez] <benja0806> z
[05:36:07] [Async Chat Thread - #0/INFO]: [Not Secure] [LaMercedez] <benja0806> z
[05:36:08] [Async Chat Thread - #0/INFO]: [Not Secure] [LaMercedez] <benja0806> z
[05:36:08] [Async Chat Thread - #0/INFO]: [Not Secure] [LaMercedez] <benja0806> z
[05:36:08] [Async Chat Thread - #0/INFO]: [Not Secure] [LaMercedez] <benja0806> z
[05:36:08] [Async Chat Thread - #0/INFO]: [Not Secure] [LaMercedez] <benja0806> z
[05:36:08] [Async Chat Thread - #0/INFO]: [Not Secure] [LaMercedez] <benja0806> z
[05:36:08] [Async Chat Thread - #0/INFO]: [Not Secure] [LaMercedez] <benja0806> z
[05:36:08] [Async Chat Thread - #0/INFO]: [Not Secure] [LaMercedez] <benja0806> z
[05:36:09] [Async Chat Thread - #0/INFO]: [Not Secure] [LaMercedez] <benja0806> z
[05:36:09] [Server thread/INFO]: benja0806 lost connection: Kicked for spamming
[05:36:09] [Server thread/INFO]: LaMercedez benja0806 left the game
[05:36:14] [User Authenticator #5/INFO]: UUID of player benja0806 is 2bc131e5-b440-3fd2-b2fb-2c45cc6aaa3b
[05:36:14] [Server thread/INFO]: benja0806 (/127.174.62.101:49951) lost connection: Disconnected
[05:36:25] [Server thread/INFO]: UnPibee issued server command: /team echest
[05:36:25] [User Authenticator #5/INFO]: UUID of player benja0806 is 2bc131e5-b440-3fd2-b2fb-2c45cc6aaa3b
[05:36:27] [Server thread/INFO]: LaMercedez benja0806 joined the game
[05:36:27] [Server thread/INFO]: benja0806[/127.174.62.101:35535] logged in with entity id 6542 at ([world]1251.5, 67.0, -2739.5)
[05:36:29] [Server thread/INFO]: UnPibee issued server command: /team echest
[05:36:31] [Craft Scheduler Thread - 36 - AuthMe/INFO]: [AuthMe] benja0806 logged in 127.174.62.101
[05:37:03] [User Authenticator #5/INFO]: UUID of player Zeta is be28fd3d-fb50-364f-bc7e-3fff7e84e6f8
[05:37:03] [Server thread/INFO]: Disconnecting Zeta (/127.115.136.31:42327): The same username is already playing on the server!
[05:37:03] [Server thread/INFO]: Zeta (/127.115.136.31:42327) lost connection: The same username is already playing on the server!
[05:37:10] [User Authenticator #5/INFO]: UUID of player Zeta is be28fd3d-fb50-364f-bc7e-3fff7e84e6f8
[05:37:10] [Server thread/INFO]: Disconnecting Zeta (/127.115.136.31:34947): The same username is already playing on the server!
[05:37:10] [Server thread/INFO]: Zeta (/127.115.136.31:34947) lost connection: The same username is already playing on the server!
[05:37:16] [Server thread/INFO]: Zeta lost connection: Timed out
[05:37:16] [Server thread/INFO]: Peronistas Zeta left the game
[05:37:17] [User Authenticator #5/INFO]: UUID of player Zeta is be28fd3d-fb50-364f-bc7e-3fff7e84e6f8
[05:37:19] [Server thread/INFO]: Zeta joined the game
[05:37:19] [Server thread/INFO]: Zeta[/127.115.136.31:36563] logged in with entity id 6880 at ([world]-2675.7722119913315, 63.0, -1777.4583909514567)
[05:37:25] [Craft Scheduler Thread - 40 - AuthMe/INFO]: [AuthMe] The user Zeta has 2 accounts:
[05:37:25] [Craft Scheduler Thread - 40 - AuthMe/INFO]: [AuthMe] §7zxta, §aZeta§7.
[05:37:25] [Craft Scheduler Thread - 40 - AuthMe/INFO]: [AuthMe] Zeta logged in 127.115.136.31
[05:38:33] [Server thread/INFO]: Zeta lost connection: Disconnected
[05:38:33] [Server thread/INFO]: Peronistas Zeta left the game
[05:38:40] [Async Chat Thread - #2/INFO]: [Not Secure] [LaMercedez] <nachoto227> siguen ahi?
[05:39:03] [Async Chat Thread - #2/INFO]: [Not Secure] [Libertarios] <UnPibee> nos alejamos un poquito mas
[05:39:10] [Async Chat Thread - #2/INFO]: [Not Secure] [Libertarios] <UnPibee> xq tardaban banda
[05:39:20] [Async Chat Thread - #2/INFO]: [Not Secure] [LaMercedez] <nachoto227> bueno despues pasen
[05:39:25] [Async Chat Thread - #2/INFO]: [Not Secure] [Libertarios] <UnPibee> cagon
[05:39:30] [Async Chat Thread - #2/INFO]: [Not Secure] [Libertarios] <UnPibee> alpedo te espero
[05:39:40] [Async Chat Thread - #2/INFO]: [Not Secure] [LaMercedez] <nachoto227> estas re lejos chupapija
[05:39:41] [User Authenticator #6/INFO]: UUID of player Zeta is be28fd3d-fb50-364f-bc7e-3fff7e84e6f8
[05:39:43] [Server thread/INFO]: Zeta joined the game
[05:39:43] [Server thread/INFO]: Zeta[/127.115.136.31:43105] logged in with entity id 7860 at ([world]-2676.4502742311256, 63.0, -1777.5291780641855)
[05:40:02] [Async Chat Thread - #2/INFO]: [Not Secure] [Libertarios] <UnPibee> nacho
[05:40:03] [Craft Scheduler Thread - 46 - AuthMe/INFO]: [AuthMe] The user Zeta has 2 accounts:
[05:40:03] [Craft Scheduler Thread - 46 - AuthMe/INFO]: [AuthMe] §7zxta, §aZeta§7.
[05:40:03] [Craft Scheduler Thread - 46 - AuthMe/INFO]: [AuthMe] Zeta logged in 127.115.136.31
[05:40:19] [Async Chat Thread - #2/INFO]: [Not Secure] [Libertarios] <UnPibee> eu
[05:40:23] [Async Chat Thread - #2/INFO]: [Not Secure] [LaMercedez] <nachoto227> q
[05:40:32] [Async Chat Thread - #2/INFO]: [Not Secure] [Libertarios] <Toppo_Z> chupame el pitilin
[05:40:38] [Server thread/INFO]: Zeta lost connection: Disconnected
[05:40:38] [Server thread/INFO]: Peronistas Zeta left the game
[05:43:29] [Server thread/INFO]: UnPibee issued server command: /team echest
[05:46:17] [User Authenticator #7/INFO]: UUID of player Zeta is be28fd3d-fb50-364f-bc7e-3fff7e84e6f8
[05:46:19] [Server thread/INFO]: Zeta joined the game
[05:46:19] [Server thread/INFO]: Zeta[/127.115.136.31:40429] logged in with entity id 11559 at ([world]-2676.4502742311256, 63.0, -1777.5291780641855)
[05:46:27] [Craft Scheduler Thread - 55 - AuthMe/INFO]: [AuthMe] The user Zeta has 2 accounts:
[05:46:27] [Craft Scheduler Thread - 55 - AuthMe/INFO]: [AuthMe] §7zxta, §aZeta§7.
[05:46:27] [Craft Scheduler Thread - 55 - AuthMe/INFO]: [AuthMe] Zeta logged in 127.115.136.31
[05:46:51] [Async Chat Thread - #4/INFO]: [Not Secure] [Libertarios] <Toppo_Z> zzz
[05:47:11] [Async Chat Thread - #5/INFO]: [Not Secure] [Peronistas] <Zeta> zzzzz
[05:48:13] [Server thread/INFO]: UnPibee issued server command: /team echest
[05:49:31] [Server thread/INFO]: Zeta issued server command: /team echest
[05:51:19] [Server thread/INFO]: Toppo_Z lost connection: Timed out
[05:51:19] [Server thread/INFO]: Libertarios Toppo_Z left the game
[05:51:44] [Server thread/INFO]: Libertarios UnPibee was killed by Witch using magic
[05:52:00] [Async Chat Thread - #6/INFO]: [Not Secure] [LaMercedez] <nachoto227> y asi queres pvpear
[05:52:01] [Async Chat Thread - #7/INFO]: [Not Secure] [LaMercedez] <nachoto227> JAJAJA
[05:52:09] [Async Chat Thread - #7/INFO]: [Not Secure] [Peronistas] <Zeta> te dijo nomas
[05:52:21] [Async Chat Thread - #7/INFO]: [Not Secure] [Libertarios] <UnPibee> vos sos el cagon, yo no
[05:52:26] [Async Chat Thread - #7/INFO]: [Not Secure] [LaMercedez] <nachoto227> pasa cords
[05:52:40] [Async Chat Thread - #7/INFO]: [Not Secure] [Libertarios] <UnPibee> te pase 6 veces man
[05:52:51] [Async Chat Thread - #6/INFO]: [Not Secure] [LaMercedez] <nachoto227> y si me decis q se van yendo un poco mas
[05:52:55] [Async Chat Thread - #6/INFO]: [Not Secure] [LaMercedez] <nachoto227> llego y no estan
[05:52:57] [Async Chat Thread - #6/INFO]: [Not Secure] [LaMercedez] <nachoto227> como siempre
[05:53:01] [Server thread/INFO]: Peronistas Zeta has made the advancement [Hot Stuff]
[05:53:03] [Async Chat Thread - #6/INFO]: [Not Secure] [Libertarios] <UnPibee> y no voy a esperar como trolita
[05:53:33] [Async Chat Thread - #6/INFO]: [Not Secure] [LaMercedez] <nachoto227> bueno te espero ahi
[05:53:44] [Async Chat Thread - #6/INFO]: [Not Secure] [Libertarios] <UnPibee> yo no voy
[05:53:48] [Async Chat Thread - #6/INFO]: [Not Secure] [Libertarios] <UnPibee> vengan ustee
[05:53:52] [Async Chat Thread - #6/INFO]: [Not Secure] [LaMercedez] <nachoto227> eh
[05:53:56] [Async Chat Thread - #6/INFO]: [Not Secure] [LaMercedez] <nachoto227> entonces donde mierda estas
[05:53:57] [Async Chat Thread - #6/INFO]: [Not Secure] [Libertarios] <UnPibee> en un toque te paso las coords
[05:54:02] [Async Chat Thread - #6/INFO]: [Not Secure] [LaMercedez] <nachoto227> si te estoy diciendo q voy alas cords
[05:54:02] [Async Chat Thread - #6/INFO]: [Not Secure] [Libertarios] <UnPibee> para q recupere algo
[05:56:11] [Async Chat Thread - #8/INFO]: [Not Secure] [Libertarios] <UnPibee> mientras pasa coords
[05:57:40] [Async Chat Thread - #10/INFO]: [Not Secure] [LaMercedez] <benja0806> zzzz
[05:59:11] [Async Chat Thread - #12/INFO]: [Not Secure] [LaMercedez] <nachoto227> topo pelea?
[05:59:14] [Async Chat Thread - #12/INFO]: [Not Secure] [LaMercedez] <nachoto227> el falsito ese
[05:59:18] [Async Chat Thread - #12/INFO]: [Not Secure] [LaMercedez] <nachoto227> doble cara
[06:00:11] [Async Chat Thread - #12/INFO]: [Not Secure] [Libertarios] <UnPibee> ni el tab sabe usar el q me quiere pelear
[06:00:34] [Async Chat Thread - #12/INFO]: [Not Secure] [LaMercedez] <nachoto227> y si se une y se va a cada rato
[06:00:47] [Server thread/INFO]: Zeta issued server command: /team echest
[06:00:57] [Server thread/INFO]: Zeta issued server command: /team echest
[06:00:59] [Async Chat Thread - #12/INFO]: [Not Secure] [Libertarios] <UnPibee> 1vs1 en rl y te cojo ahi
[06:01:00] [Server thread/INFO]: Zeta issued server command: /team e
[06:01:04] [Server thread/INFO]: Zeta issued server command: /team echest
[06:01:11] [Async Chat Thread - #12/INFO]: [Not Secure] [LaMercedez] <nachoto227> tenes mas chances aca salamin
[06:01:17] [Async Chat Thread - #12/INFO]: [Not Secure] [Libertarios] <UnPibee> na
[06:01:22] [Server thread/INFO]: Peronistas Zeta has made the advancement [Cover Me with Diamonds]
[06:01:28] [Async Chat Thread - #12/INFO]: [Not Secure] [Libertarios] <UnPibee> gran champ 2 soy maquina
[06:01:38] [Async Chat Thread - #12/INFO]: [Not Secure] [LaMercedez] <nachoto227> de papel rey
[06:01:42] [Async Chat Thread - #12/INFO]: [Not Secure] [Libertarios] <UnPibee> te cojo todita
[06:01:49] [Server thread/INFO]: Zeta issued server command: /team echest
[06:03:01] [Async Chat Thread - #14/INFO]: [Not Secure] [Libertarios] <UnPibee> no queres aca no queres en rl en nd queres
[06:03:10] [Async Chat Thread - #14/INFO]: [Not Secure] [Libertarios] <UnPibee> este no es el nachoto del anterior sv
[06:03:40] [Server thread/INFO]: nachoto227 lost connection: Disconnected
[06:03:40] [Server thread/INFO]: LaMercedez nachoto227 left the game
[06:03:46] [User Authenticator #8/INFO]: UUID of player nachoto227 is c436878c-0061-3ffb-8e60-7f9e3d49a017
[06:03:48] [Server thread/INFO]: LaMercedez nachoto227 joined the game
[06:03:48] [Server thread/INFO]: nachoto227[/127.203.4.180:56667] logged in with entity id 23733 at ([world]1131.4248475042486, 67.0, -2710.842037015806)
[06:03:54] [Craft Scheduler Thread - 72 - AuthMe/INFO]: [AuthMe] nachoto227 logged in 127.203.4.180
[06:09:14] [Server thread/INFO]: UnPibee lost connection: Disconnected
[06:09:14] [Server thread/INFO]: Libertarios UnPibee left the game
[06:10:06] [Async Chat Thread - #16/INFO]: [Not Secure] [LaMercedez] <nachoto227> se cago??
[06:13:38] [User Authenticator #9/INFO]: UUID of player faculag4566 is bfec446e-b332-37dc-95bb-fc16b424021a
[06:13:39] [Server thread/INFO]: faculag4566 joined the game
[06:13:39] [Server thread/INFO]: faculag4566[/127.31.27.232:40869] logged in with entity id 28268 at ([world]1219.300000011921, 64.0, -2678.6917199003365)
[06:14:06] [Craft Scheduler Thread - 80 - AuthMe/INFO]: [AuthMe] faculag4566 logged in 127.31.27.232
[06:14:56] [Server thread/WARN]: benja0806 moved wrongly!
[06:15:32] [Server thread/WARN]: benja0806 moved wrongly!
[06:21:22] [Server thread/INFO]: Zeta lost connection: Disconnected
[06:21:22] [Server thread/INFO]: Peronistas Zeta left the game
[06:25:38] [Async Chat Thread - #18/INFO]: [Not Secure] [LaMercedez] <nachoto227> voooooooooooo
[06:31:03] [Server thread/INFO]: benja0806 lost connection: Timed out
[06:31:04] [Server thread/INFO]: LaMercedez benja0806 left the game
[06:31:06] [User Authenticator #10/INFO]: UUID of player benja0806 is 2bc131e5-b440-3fd2-b2fb-2c45cc6aaa3b
[06:31:07] [Server thread/INFO]: com.mojang.authlib.GameProfile@1478d095[id=2bc131e5-b440-3fd2-b2fb-2c45cc6aaa3b,name=benja0806,properties={textures=[Property[name=textures, value=ewogICJ0aW1lc3RhbXAiIDogMTYzMzU0MDg4Mzg4NywKICAicHJvZmlsZUlkIiA6ICI0ZWQ4MjMzNzFhMmU0YmI3YTVlYWJmY2ZmZGE4NDk1NyIsCiAgInByb2ZpbGVOYW1lIiA6ICJGaXJlYnlyZDg4IiwKICAic2lnbmF0dXJlUmVxdWlyZWQiIDogdHJ1ZSwKICAidGV4dHVyZXMiIDogewogICAgIlNLSU4iIDogewogICAgICAidXJsIiA6ICJodHRwOi8vdGV4dHVyZXMubWluZWNyYWZ0Lm5ldC90ZXh0dXJlLzRhNmY1ZDQxYzdiMmNhNWIxZDEyOTAwNjVmNTM4NDlmMGZjN2FiOGY1ZWZiZTdjMmZiODE0MDk2ZmQyNDIxZDEiLAogICAgICAibWV0YWRhdGEiIDogewogICAgICAgICJtb2RlbCIgOiAic2xpbSIKICAgICAgfQogICAgfQogIH0KfQ==, signature=tOJe27PZqw8YQmnJkxyoKZbSZYzkBEwBKG9OFPuUfgGCnHUgjOUzgjynfLoX4Hm/b26pHtbu8rzS3y6X41xtMPP9Zj77V1wUIkIUlRI1RMOIvDq5apCh5feEKy8opScTSmwtVwLN6Oz4xU5pPdviOXTFK9H3h+cKZ/aCi5H8qPeG/VAC4j6PQlF7pSLXbgX5hWn7WZcDXuGXF5+j5dLy4mfJcR2cxqs3zsVEB6xwzdQ2y9N0rd0jAclWsyWeqR/X8J6/QUO0l5SR6mnwhrNp1FAVSOKamOpmzr166/gONIXjwZgFNEWXzXSymm+HsMOY2okxL1K2dLTzQdzyEOHgVUqRddcXL2LNa/pu3orwts/KMdNH/P4XMe1p0YKEMlgW7AsvtgjRZBiDbFguLelObM+1TyXkic4gFirJuD2KtgIxiwNd97o7ngTLE5UElFHS+amyuF8VFRHRQaUmqnWReE01FOJBRTALlLcDj3jhxa7RGEG+xhIP4KgfqBNWC5G2IDXxSEJLEDI/nAD9O0GyqGo7n+IAp3+VGMVPrNZVFS8DoSjKRPKrJeRHoYsjeV9WhXtSOL57S92PGFUnErDbL7ROuRwFD/QaSQztRhX023pBPzt9Sg57vhK99Y4WVt7pwjQW6J487aSlMSMVGsSYmpVUURPuDLcv+6iXE2NkzOY=]]}] lost connection: Disconnected
[06:31:14] [User Authenticator #10/INFO]: UUID of player benja0806 is 2bc131e5-b440-3fd2-b2fb-2c45cc6aaa3b
[06:31:15] [Server thread/INFO]: LaMercedez benja0806 joined the game
[06:31:15] [Server thread/INFO]: benja0806[/127.174.62.101:49253] logged in with entity id 34939 at ([world]1178.5706488546632, 59.0, -2713.4056314067384)
[06:31:20] [Craft Scheduler Thread - 90 - AuthMe/INFO]: [AuthMe] benja0806 logged in 127.174.62.101
[06:58:19] [Server thread/INFO]: nachoto227 issued server command: /help
[06:58:19] [Server thread/INFO]: [Essentials] nachoto227 was denied access to command.
[06:59:38] [Server thread/INFO]: nachoto227 issued server command: /team chat 1675 90 -2070
[06:59:38] [Craft Scheduler Thread - 100 - BetterTeams/INFO]: [BetterTeams]§b[Team]§f nachoto227§f: 1675 90 -2070 
[06:59:46] [Server thread/INFO]: nachoto227 issued server command: /team chat mansion
[06:59:46] [Craft Scheduler Thread - 101 - BetterTeams/INFO]: [BetterTeams]§b[Team]§f nachoto227§f: mansion 
[07:17:27] [Server thread/INFO]: LaMercedez benja0806 has made the advancement [Best Friends Forever]
